<?xml version="1.0" encoding="UTF-8"?>
<!-- Generated by org.testng.reporters.JUnitReportReporter -->
<testsuite hostname="PRTM-nyijiati" failures="0" tests="11" name="twm_Test.UrlTest" time="141.909" errors="0" timestamp="02 Mar 2019 17:06:35 GMT" skipped="1">
  <testcase classname="twm_Test.UrlTest" name="testUrlByDataProvider" time="12.792"/>
  <testcase classname="twm_Test.UrlTest" name="testUrlByDataProvider" time="11.766"/>
  <testcase classname="twm_Test.UrlTest" name="testUrlByDataProvider" time="13.659"/>
  <testcase classname="twm_Test.UrlTest" name="testUrlByDataProvider" time="15.059"/>
  <testcase classname="twm_Test.UrlTest" name="testUrlByDataProvider" time="13.837"/>
  <testcase classname="twm_Test.UrlTest" name="testUrlByDataProvider" time="13.715"/>
  <testcase classname="twm_Test.UrlTest" name="testUrlByDataProvider" time="13.459"/>
  <testcase classname="twm_Test.UrlTest" name="testUrlByDataProvider" time="14.292"/>
  <testcase classname="twm_Test.UrlTest" name="testUrlByDataProvider" time="17.290"/>
  <testcase classname="twm_Test.UrlTest" name="testUrlByDataProvider" time="16.040"/>
  <testcase classname="twm_Test.UrlTest" name="testUrl">
    <skipped/>
  </testcase> <!-- testUrl -->
</testsuite> <!-- twm_Test.UrlTest -->
