<?xml version="1.0" encoding="UTF-8"?>
<!-- Generated by org.testng.reporters.JUnitReportReporter -->
<testsuite hostname="PRTM-nyijiati" failures="0" tests="1" name="twm_Test.RegressionTest" time="45.940" errors="0" timestamp="02 Mar 2019 17:52:38 GMT" skipped="0">
  <testcase classname="twm_Test.RegressionTest" name="DOT_3607_HomeWork" time="45.940"/>
</testsuite> <!-- twm_Test.RegressionTest -->
